This file contains any messages produced by compilers while
running configure, to aid debugging if configure makes a mistake.

It was created by xfce4-notifyd configure 0.6.2, which was
generated by GNU Autoconf 2.69.  Invocation command line was

  $ ./configure --prefix=/usr --sysconfdir=/etc

## --------- ##
## Platform. ##
## --------- ##

hostname = IterkoczeOS
uname -m = x86_64
uname -r = 6.1.11IterkoczeOS
uname -s = Linux
uname -v = #1 SMP PREEMPT_DYNAMIC Tue May  2 02:09:04 EAT 2023

/usr/bin/uname -p = unknown
/bin/uname -X     = unknown

/bin/arch              = unknown
/usr/bin/arch -k       = unknown
/usr/convex/getsysinfo = unknown
/usr/bin/hostinfo      = unknown
/bin/machine           = unknown
/usr/bin/oslevel       = unknown
/bin/universe          = unknown

PATH: /usr/bin
PATH: /usr/sbin
PATH: /programs/iterkoczeScript
PATH: /usr/local/bin
PATH: /programs/local/jdk/bin


## ----------- ##
## Core tests. ##
## ----------- ##

configure:2401: checking whether make supports nested variables
configure:2418: result: yes
configure:2475: checking for a BSD-compatible install
configure:2543: result: /usr/bin/install -c
configure:2554: checking whether build environment is sane
configure:2609: result: yes
configure:2760: checking for a thread-safe mkdir -p
configure:2799: result: /usr/bin/mkdir -p
configure:2806: checking for gawk
configure:2822: found /usr/bin/gawk
configure:2833: result: gawk
configure:2844: checking whether make sets $(MAKE)
configure:2866: result: yes
configure:2962: checking whether UID '0' is supported by ustar format
configure:2965: result: yes
configure:2972: checking whether GID '0' is supported by ustar format
configure:2975: result: yes
configure:2983: checking how to create a ustar tar archive
configure:2994: tar --version
tar (GNU tar) 1.34
Copyright (C) 2021 Free Software Foundation, Inc.
License GPLv3+: GNU GPL version 3 or later <https://gnu.org/licenses/gpl.html>.
This is free software: you are free to change and redistribute it.
There is NO WARRANTY, to the extent permitted by law.

Written by John Gilmore and Jay Fenlason.
configure:2997: $? = 0
configure:3037: tardir=conftest.dir && eval tar --format=ustar -chf - "$tardir" >conftest.tar
configure:3040: $? = 0
configure:3044: tar -xf - <conftest.tar
configure:3047: $? = 0
configure:3049: cat conftest.dir/file
GrepMe
configure:3052: $? = 0
configure:3065: result: gnutar
configure:3116: checking whether to enable maintainer-specific portions of Makefiles
configure:3125: result: no
configure:3153: checking whether make supports the include directive
configure:3168: make -f confmf.GNU && cat confinc.out
this is the am__doit target
configure:3171: $? = 0
configure:3190: result: yes (GNU style)
configure:3260: checking for gcc
configure:3276: found /usr/bin/gcc
configure:3287: result: gcc
configure:3516: checking for C compiler version
configure:3525: gcc --version >&5
gcc (GCC) 12.2.0
Copyright (C) 2022 Free Software Foundation, Inc.
This is free software; see the source for copying conditions.  There is NO
warranty; not even for MERCHANTABILITY or FITNESS FOR A PARTICULAR PURPOSE.

configure:3536: $? = 0
configure:3525: gcc -v >&5
Using built-in specs.
COLLECT_GCC=gcc
COLLECT_LTO_WRAPPER=/usr/libexec/gcc/x86_64-pc-linux-gnu/12.2.0/lto-wrapper
Target: x86_64-pc-linux-gnu
Configured with: ../configure --prefix=/usr LD=ld --enable-languages=c,c++ --enable-default-pie --enable-default-ssp --disable-multilib --disable-bootstrap --with-system-zlib
Thread model: posix
Supported LTO compression algorithms: zlib zstd
gcc version 12.2.0 (GCC) 
configure:3536: $? = 0
configure:3525: gcc -V >&5
gcc: error: unrecognized command-line option '-V'
gcc: fatal error: no input files
compilation terminated.
configure:3536: $? = 1
configure:3525: gcc -qversion >&5
gcc: error: unrecognized command-line option '-qversion'; did you mean '--version'?
gcc: fatal error: no input files
compilation terminated.
configure:3536: $? = 1
configure:3556: checking whether the C compiler works
configure:3578: gcc    conftest.c  >&5
configure:3582: $? = 0
configure:3630: result: yes
configure:3633: checking for C compiler default output file name
configure:3635: result: a.out
configure:3641: checking for suffix of executables
configure:3648: gcc -o conftest    conftest.c  >&5
configure:3652: $? = 0
configure:3674: result: 
configure:3696: checking whether we are cross compiling
configure:3704: gcc -o conftest    conftest.c  >&5
configure:3708: $? = 0
configure:3715: ./conftest
configure:3719: $? = 0
configure:3734: result: no
configure:3739: checking for suffix of object files
configure:3761: gcc -c   conftest.c >&5
configure:3765: $? = 0
configure:3786: result: o
configure:3790: checking whether we are using the GNU C compiler
configure:3809: gcc -c   conftest.c >&5
configure:3809: $? = 0
configure:3818: result: yes
configure:3827: checking whether gcc accepts -g
configure:3847: gcc -c -g  conftest.c >&5
configure:3847: $? = 0
configure:3888: result: yes
configure:3905: checking for gcc option to accept ISO C89
configure:3968: gcc  -c -g -O2  conftest.c >&5
configure:3968: $? = 0
configure:3981: result: none needed
configure:4006: checking whether gcc understands -c and -o together
configure:4028: gcc -c conftest.c -o conftest2.o
configure:4031: $? = 0
configure:4028: gcc -c conftest.c -o conftest2.o
configure:4031: $? = 0
configure:4043: result: yes
configure:4062: checking dependency style of gcc
configure:4173: result: gcc3
configure:4194: checking how to run the C preprocessor
configure:4225: gcc -E  conftest.c
configure:4225: $? = 0
configure:4239: gcc -E  conftest.c
conftest.c:11:10: fatal error: ac_nonexistent.h: No such file or directory
   11 | #include <ac_nonexistent.h>
      |          ^~~~~~~~~~~~~~~~~~
compilation terminated.
configure:4239: $? = 1
configure: failed program was:
| /* confdefs.h */
| #define PACKAGE_NAME "xfce4-notifyd"
| #define PACKAGE_TARNAME "xfce4-notifyd"
| #define PACKAGE_VERSION "0.6.2"
| #define PACKAGE_STRING "xfce4-notifyd 0.6.2"
| #define PACKAGE_BUGREPORT "https://bugzilla.xfce.org/enter_bug.cgi?product=Xfce4-notifyd"
| #define PACKAGE_URL ""
| #define PACKAGE "xfce4-notifyd"
| #define VERSION "0.6.2"
| /* end confdefs.h.  */
| #include <ac_nonexistent.h>
configure:4264: result: gcc -E
configure:4284: gcc -E  conftest.c
configure:4284: $? = 0
configure:4298: gcc -E  conftest.c
conftest.c:11:10: fatal error: ac_nonexistent.h: No such file or directory
   11 | #include <ac_nonexistent.h>
      |          ^~~~~~~~~~~~~~~~~~
compilation terminated.
configure:4298: $? = 1
configure: failed program was:
| /* confdefs.h */
| #define PACKAGE_NAME "xfce4-notifyd"
| #define PACKAGE_TARNAME "xfce4-notifyd"
| #define PACKAGE_VERSION "0.6.2"
| #define PACKAGE_STRING "xfce4-notifyd 0.6.2"
| #define PACKAGE_BUGREPORT "https://bugzilla.xfce.org/enter_bug.cgi?product=Xfce4-notifyd"
| #define PACKAGE_URL ""
| #define PACKAGE "xfce4-notifyd"
| #define VERSION "0.6.2"
| /* end confdefs.h.  */
| #include <ac_nonexistent.h>
configure:4327: checking for grep that handles long lines and -e
configure:4385: result: /usr/bin/grep
configure:4390: checking for egrep
configure:4452: result: /usr/bin/grep -E
configure:4457: checking for ANSI C header files
configure:4477: gcc -c -g -O2  conftest.c >&5
configure:4477: $? = 0
configure:4550: gcc -o conftest -g -O2   conftest.c  >&5
configure:4550: $? = 0
configure:4550: ./conftest
configure:4550: $? = 0
configure:4561: result: yes
configure:4574: checking for sys/types.h
configure:4574: gcc -c -g -O2  conftest.c >&5
configure:4574: $? = 0
configure:4574: result: yes
configure:4574: checking for sys/stat.h
configure:4574: gcc -c -g -O2  conftest.c >&5
configure:4574: $? = 0
configure:4574: result: yes
configure:4574: checking for stdlib.h
configure:4574: gcc -c -g -O2  conftest.c >&5
configure:4574: $? = 0
configure:4574: result: yes
configure:4574: checking for string.h
configure:4574: gcc -c -g -O2  conftest.c >&5
configure:4574: $? = 0
configure:4574: result: yes
configure:4574: checking for memory.h
configure:4574: gcc -c -g -O2  conftest.c >&5
configure:4574: $? = 0
configure:4574: result: yes
configure:4574: checking for strings.h
configure:4574: gcc -c -g -O2  conftest.c >&5
configure:4574: $? = 0
configure:4574: result: yes
configure:4574: checking for inttypes.h
configure:4574: gcc -c -g -O2  conftest.c >&5
configure:4574: $? = 0
configure:4574: result: yes
configure:4574: checking for stdint.h
configure:4574: gcc -c -g -O2  conftest.c >&5
configure:4574: $? = 0
configure:4574: result: yes
configure:4574: checking for unistd.h
configure:4574: gcc -c -g -O2  conftest.c >&5
configure:4574: $? = 0
configure:4574: result: yes
configure:4587: checking minix/config.h usability
configure:4587: gcc -c -g -O2  conftest.c >&5
conftest.c:54:10: fatal error: minix/config.h: No such file or directory
   54 | #include <minix/config.h>
      |          ^~~~~~~~~~~~~~~~
compilation terminated.
configure:4587: $? = 1
configure: failed program was:
| /* confdefs.h */
| #define PACKAGE_NAME "xfce4-notifyd"
| #define PACKAGE_TARNAME "xfce4-notifyd"
| #define PACKAGE_VERSION "0.6.2"
| #define PACKAGE_STRING "xfce4-notifyd 0.6.2"
| #define PACKAGE_BUGREPORT "https://bugzilla.xfce.org/enter_bug.cgi?product=Xfce4-notifyd"
| #define PACKAGE_URL ""
| #define PACKAGE "xfce4-notifyd"
| #define VERSION "0.6.2"
| #define STDC_HEADERS 1
| #define HAVE_SYS_TYPES_H 1
| #define HAVE_SYS_STAT_H 1
| #define HAVE_STDLIB_H 1
| #define HAVE_STRING_H 1
| #define HAVE_MEMORY_H 1
| #define HAVE_STRINGS_H 1
| #define HAVE_INTTYPES_H 1
| #define HAVE_STDINT_H 1
| #define HAVE_UNISTD_H 1
| /* end confdefs.h.  */
| #include <stdio.h>
| #ifdef HAVE_SYS_TYPES_H
| # include <sys/types.h>
| #endif
| #ifdef HAVE_SYS_STAT_H
| # include <sys/stat.h>
| #endif
| #ifdef STDC_HEADERS
| # include <stdlib.h>
| # include <stddef.h>
| #else
| # ifdef HAVE_STDLIB_H
| #  include <stdlib.h>
| # endif
| #endif
| #ifdef HAVE_STRING_H
| # if !defined STDC_HEADERS && defined HAVE_MEMORY_H
| #  include <memory.h>
| # endif
| # include <string.h>
| #endif
| #ifdef HAVE_STRINGS_H
| # include <strings.h>
| #endif
| #ifdef HAVE_INTTYPES_H
| # include <inttypes.h>
| #endif
| #ifdef HAVE_STDINT_H
| # include <stdint.h>
| #endif
| #ifdef HAVE_UNISTD_H
| # include <unistd.h>
| #endif
| #include <minix/config.h>
configure:4587: result: no
configure:4587: checking minix/config.h presence
configure:4587: gcc -E  conftest.c
conftest.c:21:10: fatal error: minix/config.h: No such file or directory
   21 | #include <minix/config.h>
      |          ^~~~~~~~~~~~~~~~
compilation terminated.
configure:4587: $? = 1
configure: failed program was:
| /* confdefs.h */
| #define PACKAGE_NAME "xfce4-notifyd"
| #define PACKAGE_TARNAME "xfce4-notifyd"
| #define PACKAGE_VERSION "0.6.2"
| #define PACKAGE_STRING "xfce4-notifyd 0.6.2"
| #define PACKAGE_BUGREPORT "https://bugzilla.xfce.org/enter_bug.cgi?product=Xfce4-notifyd"
| #define PACKAGE_URL ""
| #define PACKAGE "xfce4-notifyd"
| #define VERSION "0.6.2"
| #define STDC_HEADERS 1
| #define HAVE_SYS_TYPES_H 1
| #define HAVE_SYS_STAT_H 1
| #define HAVE_STDLIB_H 1
| #define HAVE_STRING_H 1
| #define HAVE_MEMORY_H 1
| #define HAVE_STRINGS_H 1
| #define HAVE_INTTYPES_H 1
| #define HAVE_STDINT_H 1
| #define HAVE_UNISTD_H 1
| /* end confdefs.h.  */
| #include <minix/config.h>
configure:4587: result: no
configure:4587: checking for minix/config.h
configure:4587: result: no
configure:4608: checking whether it is safe to define __EXTENSIONS__
configure:4626: gcc -c -g -O2  conftest.c >&5
configure:4626: $? = 0
configure:4633: result: yes
configure:4696: checking for gcc
configure:4723: result: gcc
configure:4952: checking for C compiler version
configure:4961: gcc --version >&5
gcc (GCC) 12.2.0
Copyright (C) 2022 Free Software Foundation, Inc.
This is free software; see the source for copying conditions.  There is NO
warranty; not even for MERCHANTABILITY or FITNESS FOR A PARTICULAR PURPOSE.

configure:4972: $? = 0
configure:4961: gcc -v >&5
Using built-in specs.
COLLECT_GCC=gcc
COLLECT_LTO_WRAPPER=/usr/libexec/gcc/x86_64-pc-linux-gnu/12.2.0/lto-wrapper
Target: x86_64-pc-linux-gnu
Configured with: ../configure --prefix=/usr LD=ld --enable-languages=c,c++ --enable-default-pie --enable-default-ssp --disable-multilib --disable-bootstrap --with-system-zlib
Thread model: posix
Supported LTO compression algorithms: zlib zstd
gcc version 12.2.0 (GCC) 
configure:4972: $? = 0
configure:4961: gcc -V >&5
gcc: error: unrecognized command-line option '-V'
gcc: fatal error: no input files
compilation terminated.
configure:4972: $? = 1
configure:4961: gcc -qversion >&5
gcc: error: unrecognized command-line option '-qversion'; did you mean '--version'?
gcc: fatal error: no input files
compilation terminated.
configure:4972: $? = 1
configure:4976: checking whether we are using the GNU C compiler
configure:5004: result: yes
configure:5013: checking whether gcc accepts -g
configure:5074: result: yes
configure:5091: checking for gcc option to accept ISO C89
configure:5167: result: none needed
configure:5192: checking whether gcc understands -c and -o together
configure:5229: result: yes
configure:5248: checking dependency style of gcc
configure:5359: result: gcc3
configure:5379: checking build system type
configure:5393: result: x86_64-pc-linux-gnu
configure:5413: checking host system type
configure:5426: result: x86_64-pc-linux-gnu
configure:5446: checking for a sed that does not truncate output
configure:5510: result: /usr/bin/sed
configure:5528: checking for fgrep
configure:5590: result: /usr/bin/grep -F
configure:5617: checking how to print strings
configure:5644: result: printf
configure:5677: checking for ld used by gcc
configure:5744: result: /usr/bin/ld
configure:5751: checking if the linker (/usr/bin/ld) is GNU ld
configure:5766: result: yes
configure:5780: checking whether NLS is requested
configure:5789: result: yes
configure:5817: checking for intltool-update
configure:5835: found /usr/bin/intltool-update
configure:5847: result: /usr/bin/intltool-update
configure:5857: checking for intltool-merge
configure:5875: found /usr/bin/intltool-merge
configure:5887: result: /usr/bin/intltool-merge
configure:5897: checking for intltool-extract
configure:5915: found /usr/bin/intltool-extract
configure:5927: result: /usr/bin/intltool-extract
configure:6081: checking for xgettext
configure:6099: found /usr/bin/xgettext
configure:6111: result: /usr/bin/xgettext
configure:6121: checking for msgmerge
configure:6139: found /usr/bin/msgmerge
configure:6151: result: /usr/bin/msgmerge
configure:6161: checking for msgfmt
configure:6179: found /usr/bin/msgfmt
configure:6191: result: /usr/bin/msgfmt
configure:6201: checking for gmsgfmt
configure:6232: result: /usr/bin/msgfmt
configure:6252: checking for perl
configure:6270: found /usr/bin/perl
configure:6282: result: /usr/bin/perl
configure:6293: checking for perl >= 5.8.1
configure:6300: result: 5.36.0
configure:6304: checking for XML::Parser
configure:6307: result: ok
configure:6363: checking for BSD- or MS-compatible name lister (nm)
configure:6417: result: /usr/bin/nm -B
configure:6547: checking the name lister (/usr/bin/nm -B) interface
configure:6554: gcc -c -g -O2  conftest.c >&5
configure:6557: /usr/bin/nm -B "conftest.o"
configure:6560: output
0000000000000000 B some_variable
configure:6567: result: BSD nm
configure:6570: checking whether ln -s works
configure:6574: result: yes
configure:6582: checking the maximum length of command line arguments
configure:6713: result: 1572864
configure:6761: checking how to convert x86_64-pc-linux-gnu file names to x86_64-pc-linux-gnu format
configure:6801: result: func_convert_file_noop
configure:6808: checking how to convert x86_64-pc-linux-gnu file names to toolchain format
configure:6828: result: func_convert_file_noop
configure:6835: checking for /usr/bin/ld option to reload object files
configure:6842: result: -r
configure:6916: checking for objdump
configure:6932: found /usr/bin/objdump
configure:6943: result: objdump
configure:6975: checking how to recognize dependent libraries
configure:7175: result: pass_all
configure:7260: checking for dlltool
configure:7290: result: no
configure:7320: checking how to associate runtime and link libraries
configure:7347: result: printf %s\n
configure:7407: checking for ar
configure:7423: found /usr/bin/ar
configure:7434: result: ar
configure:7471: checking for archiver @FILE support
configure:7488: gcc -c -g -O2  conftest.c >&5
configure:7488: $? = 0
configure:7491: ar cr libconftest.a @conftest.lst >&5
configure:7494: $? = 0
configure:7499: ar cr libconftest.a @conftest.lst >&5
ar: conftest.o: No such file or directory
configure:7502: $? = 1
configure:7514: result: @
configure:7572: checking for strip
configure:7588: found /usr/bin/strip
configure:7599: result: strip
configure:7671: checking for ranlib
configure:7687: found /usr/bin/ranlib
configure:7698: result: ranlib
configure:7800: checking command to parse /usr/bin/nm -B output from gcc object
configure:7953: gcc -c -g -O2  conftest.c >&5
configure:7956: $? = 0
configure:7960: /usr/bin/nm -B conftest.o | sed -n -e 's/^.*[	 ]\([ABCDGIRSTW][ABCDGIRSTW]*\)[	 ][	 ]*\([_A-Za-z][_A-Za-z0-9]*\)$/\1 \2 \2/p' | sed '/ __gnu_lto/d' > conftest.nm
configure:8026: gcc -o conftest -g -O2   conftest.c conftstm.o >&5
configure:8029: $? = 0
configure:8067: result: ok
configure:8114: checking for sysroot
configure:8144: result: no
configure:8151: checking for a working dd
configure:8189: result: /usr/bin/dd
configure:8193: checking how to truncate binary pipes
configure:8208: result: /usr/bin/dd bs=4096 count=1
configure:8344: gcc -c -g -O2  conftest.c >&5
configure:8347: $? = 0
configure:8537: checking for mt
configure:8567: result: no
configure:8587: checking if : is a manifest tool
configure:8593: : '-?'
configure:8601: result: no
configure:9275: checking for dlfcn.h
configure:9275: gcc -c -g -O2  conftest.c >&5
configure:9275: $? = 0
configure:9275: result: yes
configure:9530: checking for objdir
configure:9545: result: .libs
configure:9805: checking if gcc supports -fno-rtti -fno-exceptions
configure:9823: gcc -c -g -O2  -fno-rtti -fno-exceptions conftest.c >&5
cc1: warning: command-line option '-fno-rtti' is valid for C++/D/ObjC++ but not for C
configure:9827: $? = 0
configure:9840: result: no
configure:10204: checking for gcc option to produce PIC
configure:10211: result: -fPIC -DPIC
configure:10219: checking if gcc PIC flag -fPIC -DPIC works
configure:10237: gcc -c -g -O2  -fPIC -DPIC -DPIC conftest.c >&5
configure:10241: $? = 0
configure:10254: result: yes
configure:10283: checking if gcc static flag -static works
configure:10311: result: yes
configure:10326: checking if gcc supports -c -o file.o
configure:10347: gcc -c -g -O2  -o out/conftest2.o conftest.c >&5
configure:10351: $? = 0
configure:10373: result: yes
configure:10381: checking if gcc supports -c -o file.o
configure:10428: result: yes
configure:10461: checking whether the gcc linker (/usr/bin/ld -m elf_x86_64) supports shared libraries
configure:11724: result: yes
configure:11761: checking whether -lc should be explicitly linked in
configure:11769: gcc -c -g -O2  conftest.c >&5
configure:11772: $? = 0
configure:11787: gcc -shared  -fPIC -DPIC conftest.o  -v -Wl,-soname -Wl,conftest -o conftest 2\>\&1 \| /usr/bin/grep  -lc  \>/dev/null 2\>\&1
configure:11790: $? = 0
configure:11804: result: no
configure:11964: checking dynamic linker characteristics
configure:12545: gcc -o conftest -g -O2   -Wl,-rpath -Wl,/foo conftest.c  >&5
configure:12545: $? = 0
configure:12794: result: GNU/Linux ld.so
configure:12916: checking how to hardcode library paths into programs
configure:12941: result: immediate
configure:13489: checking whether stripping libraries is possible
configure:13494: result: yes
configure:13529: checking if libtool supports shared libraries
configure:13531: result: yes
configure:13534: checking whether to build shared libraries
configure:13559: result: yes
configure:13562: checking whether to build static libraries
configure:13566: result: no
configure:13604: checking for ANSI C header files
configure:13708: result: yes
configure:13721: checking errno.h usability
configure:13721: gcc -c -g -O2  conftest.c >&5
configure:13721: $? = 0
configure:13721: result: yes
configure:13721: checking errno.h presence
configure:13721: gcc -E  conftest.c
configure:13721: $? = 0
configure:13721: result: yes
configure:13721: checking for errno.h
configure:13721: result: yes
configure:13721: checking fcntl.h usability
configure:13721: gcc -c -g -O2  conftest.c >&5
configure:13721: $? = 0
configure:13721: result: yes
configure:13721: checking fcntl.h presence
configure:13721: gcc -E  conftest.c
configure:13721: $? = 0
configure:13721: result: yes
configure:13721: checking for fcntl.h
configure:13721: result: yes
configure:13721: checking grp.h usability
configure:13721: gcc -c -g -O2  conftest.c >&5
configure:13721: $? = 0
configure:13721: result: yes
configure:13721: checking grp.h presence
configure:13721: gcc -E  conftest.c
configure:13721: $? = 0
configure:13721: result: yes
configure:13721: checking for grp.h
configure:13721: result: yes
configure:13721: checking signal.h usability
configure:13721: gcc -c -g -O2  conftest.c >&5
configure:13721: $? = 0
configure:13721: result: yes
configure:13721: checking signal.h presence
configure:13721: gcc -E  conftest.c
configure:13721: $? = 0
configure:13721: result: yes
configure:13721: checking for signal.h
configure:13721: result: yes
configure:13721: checking for stdlib.h
configure:13721: result: yes
configure:13721: checking for string.h
configure:13721: result: yes
configure:13721: checking for sys/stat.h
configure:13721: result: yes
configure:13721: checking sys/time.h usability
configure:13721: gcc -c -g -O2  conftest.c >&5
configure:13721: $? = 0
configure:13721: result: yes
configure:13721: checking sys/time.h presence
configure:13721: gcc -E  conftest.c
configure:13721: $? = 0
configure:13721: result: yes
configure:13721: checking for sys/time.h
configure:13721: result: yes
configure:13721: checking for sys/types.h
configure:13721: result: yes
configure:13721: checking sys/wait.h usability
configure:13721: gcc -c -g -O2  conftest.c >&5
configure:13721: $? = 0
configure:13721: result: yes
configure:13721: checking sys/wait.h presence
configure:13721: gcc -E  conftest.c
configure:13721: $? = 0
configure:13721: result: yes
configure:13721: checking for sys/wait.h
configure:13721: result: yes
configure:13721: checking for unistd.h
configure:13721: result: yes
configure:13745: checking locale.h usability
configure:13745: gcc -c -g -O2  conftest.c >&5
configure:13745: $? = 0
configure:13745: result: yes
configure:13745: checking locale.h presence
configure:13745: gcc -E  conftest.c
configure:13745: $? = 0
configure:13745: result: yes
configure:13745: checking for locale.h
configure:13745: result: yes
configure:13756: checking for LC_MESSAGES
configure:13772: gcc -o conftest -g -O2   conftest.c  >&5
configure:13772: $? = 0
configure:13780: result: yes
configure:13798: checking for CFPreferencesCopyAppValue
configure:13816: gcc -o conftest -g -O2   conftest.c  -Wl,-framework -Wl,CoreFoundation >&5
conftest.c:43:10: fatal error: CoreFoundation/CFPreferences.h: No such file or directory
   43 | #include <CoreFoundation/CFPreferences.h>
      |          ^~~~~~~~~~~~~~~~~~~~~~~~~~~~~~~~
compilation terminated.
configure:13816: $? = 1
configure: failed program was:
| /* confdefs.h */
| #define PACKAGE_NAME "xfce4-notifyd"
| #define PACKAGE_TARNAME "xfce4-notifyd"
| #define PACKAGE_VERSION "0.6.2"
| #define PACKAGE_STRING "xfce4-notifyd 0.6.2"
| #define PACKAGE_BUGREPORT "https://bugzilla.xfce.org/enter_bug.cgi?product=Xfce4-notifyd"
| #define PACKAGE_URL ""
| #define PACKAGE "xfce4-notifyd"
| #define VERSION "0.6.2"
| #define STDC_HEADERS 1
| #define HAVE_SYS_TYPES_H 1
| #define HAVE_SYS_STAT_H 1
| #define HAVE_STDLIB_H 1
| #define HAVE_STRING_H 1
| #define HAVE_MEMORY_H 1
| #define HAVE_STRINGS_H 1
| #define HAVE_INTTYPES_H 1
| #define HAVE_STDINT_H 1
| #define HAVE_UNISTD_H 1
| #define __EXTENSIONS__ 1
| #define _ALL_SOURCE 1
| #define _GNU_SOURCE 1
| #define _POSIX_PTHREAD_SEMANTICS 1
| #define _TANDEM_SOURCE 1
| #define HAVE_DLFCN_H 1
| #define LT_OBJDIR ".libs/"
| #define STDC_HEADERS 1
| #define HAVE_ERRNO_H 1
| #define HAVE_FCNTL_H 1
| #define HAVE_GRP_H 1
| #define HAVE_SIGNAL_H 1
| #define HAVE_STDLIB_H 1
| #define HAVE_STRING_H 1
| #define HAVE_SYS_STAT_H 1
| #define HAVE_SYS_TIME_H 1
| #define HAVE_SYS_TYPES_H 1
| #define HAVE_SYS_WAIT_H 1
| #define HAVE_UNISTD_H 1
| #define GETTEXT_PACKAGE "xfce4-notifyd"
| #define HAVE_LOCALE_H 1
| #define HAVE_LC_MESSAGES 1
| /* end confdefs.h.  */
| #include <CoreFoundation/CFPreferences.h>
| int
| main ()
| {
| CFPreferencesCopyAppValue(NULL, NULL)
|   ;
|   return 0;
| }
configure:13825: result: no
configure:13832: checking for CFLocaleCopyCurrent
configure:13850: gcc -o conftest -g -O2   conftest.c  -Wl,-framework -Wl,CoreFoundation >&5
conftest.c:43:10: fatal error: CoreFoundation/CFLocale.h: No such file or directory
   43 | #include <CoreFoundation/CFLocale.h>
      |          ^~~~~~~~~~~~~~~~~~~~~~~~~~~
compilation terminated.
configure:13850: $? = 1
configure: failed program was:
| /* confdefs.h */
| #define PACKAGE_NAME "xfce4-notifyd"
| #define PACKAGE_TARNAME "xfce4-notifyd"
| #define PACKAGE_VERSION "0.6.2"
| #define PACKAGE_STRING "xfce4-notifyd 0.6.2"
| #define PACKAGE_BUGREPORT "https://bugzilla.xfce.org/enter_bug.cgi?product=Xfce4-notifyd"
| #define PACKAGE_URL ""
| #define PACKAGE "xfce4-notifyd"
| #define VERSION "0.6.2"
| #define STDC_HEADERS 1
| #define HAVE_SYS_TYPES_H 1
| #define HAVE_SYS_STAT_H 1
| #define HAVE_STDLIB_H 1
| #define HAVE_STRING_H 1
| #define HAVE_MEMORY_H 1
| #define HAVE_STRINGS_H 1
| #define HAVE_INTTYPES_H 1
| #define HAVE_STDINT_H 1
| #define HAVE_UNISTD_H 1
| #define __EXTENSIONS__ 1
| #define _ALL_SOURCE 1
| #define _GNU_SOURCE 1
| #define _POSIX_PTHREAD_SEMANTICS 1
| #define _TANDEM_SOURCE 1
| #define HAVE_DLFCN_H 1
| #define LT_OBJDIR ".libs/"
| #define STDC_HEADERS 1
| #define HAVE_ERRNO_H 1
| #define HAVE_FCNTL_H 1
| #define HAVE_GRP_H 1
| #define HAVE_SIGNAL_H 1
| #define HAVE_STDLIB_H 1
| #define HAVE_STRING_H 1
| #define HAVE_SYS_STAT_H 1
| #define HAVE_SYS_TIME_H 1
| #define HAVE_SYS_TYPES_H 1
| #define HAVE_SYS_WAIT_H 1
| #define HAVE_UNISTD_H 1
| #define GETTEXT_PACKAGE "xfce4-notifyd"
| #define HAVE_LOCALE_H 1
| #define HAVE_LC_MESSAGES 1
| /* end confdefs.h.  */
| #include <CoreFoundation/CFLocale.h>
| int
| main ()
| {
| CFLocaleCopyCurrent();
|   ;
|   return 0;
| }
configure:13859: result: no
configure:13873: checking libintl.h usability
configure:13873: gcc -c -g -O2  conftest.c >&5
configure:13873: $? = 0
configure:13873: result: yes
configure:13873: checking libintl.h presence
configure:13873: gcc -E  conftest.c
configure:13873: $? = 0
configure:13873: result: yes
configure:13873: checking for libintl.h
configure:13873: result: yes
configure:13881: checking for ngettext in libc
configure:13899: gcc -o conftest -g -O2   conftest.c  >&5
configure:13899: $? = 0
configure:13908: result: yes
configure:13912: checking for dgettext in libc
configure:13930: gcc -o conftest -g -O2   conftest.c  >&5
configure:13930: $? = 0
configure:13939: result: yes
configure:13946: checking for bind_textdomain_codeset
configure:13946: gcc -o conftest -g -O2   conftest.c  >&5
configure:13946: $? = 0
configure:13946: result: yes
configure:14222: checking for msgfmt
configure:14249: result: /usr/bin/msgfmt
configure:14260: checking for dcgettext
configure:14260: gcc -o conftest -g -O2   conftest.c   >&5
conftest.c:68:6: warning: conflicting types for built-in function 'dcgettext'; expected 'char *(const char *, const char *, int)' [-Wbuiltin-declaration-mismatch]
   68 | char dcgettext ();
      |      ^~~~~~~~~
configure:14260: $? = 0
configure:14260: result: yes
configure:14270: checking if msgfmt accepts -c
configure:14285: $MSGFMT -c -o /dev/null conftest.foo
conftest.foo:3: warning: header field 'Language' missing in header
configure:14288: $? = 0
configure:14290: result: yes
configure:14300: checking for gmsgfmt
configure:14331: result: /usr/bin/msgfmt
configure:14341: checking for xgettext
configure:14368: result: /usr/bin/xgettext
configure:14387: gcc -o conftest -g -O2   conftest.c   >&5
configure:14387: $? = 0
configure:14469: checking for catalogs to be installed
configure:14494: result:  ar ast be bg ca cs da de el en_AU en_GB es et eu fi fr gl he hr hu hy_AM hye id ie is it ja ka kk ko lt lv ms nb nl oc pa pl pt pt_BR ro ru si sk sl sq sr sv th tr ug uk vi zh_CN zh_TW
configure:14527: checking for bind_textdomain_codeset
configure:14527: result: yes
configure:14533: checking for locales directory
configure:14549: result: ${prefix}/share/locale
configure:14553: checking for additional xgettext flags
configure:14561: result: --keyword=Q_ --from-code=UTF-8
configure:14565: checking for X
configure:14673: gcc -E  conftest.c
configure:14673: $? = 0
configure:14704: gcc -o conftest -g -O2   conftest.c -lX11  >&5
configure:14704: $? = 0
configure:14754: result: libraries , headers 
configure:14853: gcc -o conftest -g -O2   conftest.c   -lX11 >&5
configure:14853: $? = 0
configure:14951: checking for gethostbyname
configure:14951: gcc -o conftest -g -O2   conftest.c  >&5
configure:14951: $? = 0
configure:14951: result: yes
configure:15048: checking for connect
configure:15048: gcc -o conftest -g -O2   conftest.c  >&5
configure:15048: $? = 0
configure:15048: result: yes
configure:15097: checking for remove
configure:15097: gcc -o conftest -g -O2   conftest.c  >&5
configure:15097: $? = 0
configure:15097: result: yes
configure:15146: checking for shmat
configure:15146: gcc -o conftest -g -O2   conftest.c  >&5
configure:15146: $? = 0
configure:15146: result: yes
configure:15204: checking for IceConnectionNumber in -lICE
configure:15229: gcc -o conftest -g -O2   conftest.c -lICE   >&5
configure:15229: $? = 0
configure:15238: result: yes
configure:15253: checking for main in -lX11
configure:15272: gcc -o conftest -g -O2   conftest.c -lX11   -lSM -lICE    >&5
configure:15272: $? = 0
configure:15281: result: yes
configure:15381: checking for pkg-config
configure:15399: found /usr/bin/pkg-config
configure:15411: result: /usr/bin/pkg-config
configure:15436: checking pkg-config is at least version 0.9.0
configure:15439: result: yes
configure:15461: checking for libxfce4util-1.0 >= 4.12.0
configure:15465: result: 4.18.1
configure:15468: checking LIBXFCE4UTIL_CFLAGS
configure:15471: result: -I/usr/include/xfce4 -I/usr/include/glib-2.0 -I/usr/lib/glib-2.0/include
configure:15474: checking LIBXFCE4UTIL_LIBS
configure:15477: result: -lxfce4util -lglib-2.0
configure:15576: checking for pkg-config
configure:15606: result: /usr/bin/pkg-config
configure:15631: checking pkg-config is at least version 0.9.0
configure:15634: result: yes
configure:15656: checking for libxfce4ui-2 >= 4.12.0
configure:15660: result: 4.18.2
configure:15663: checking LIBXFCE4UI_CFLAGS
configure:15666: result: -pthread -I/usr/include/xfce4/libxfce4ui-2 -I/usr/include/gtk-3.0 -I/usr/include/at-spi2-atk/2.0 -I/usr/include/at-spi-2.0 -I/usr/include/dbus-1.0 -I/usr/lib/dbus-1.0/include -I/usr/include/gtk-3.0 -I/usr/include/gio-unix-2.0 -I/usr/include/cairo -I/usr/include/libdrm -I/usr/include/pango-1.0 -I/usr/include/harfbuzz -I/usr/include/pango-1.0 -I/usr/include/fribidi -I/usr/include/atk-1.0 -I/usr/include/cairo -I/usr/include/pixman-1 -I/usr/include/freetype2 -I/usr/include/harfbuzz -I/usr/include/gdk-pixbuf-2.0 -I/usr/include/libpng16 -I/usr/include/libmount -I/usr/include/blkid -I/usr/include/xfce4 -I/usr/include/glib-2.0 -I/usr/lib/glib-2.0/include
configure:15669: checking LIBXFCE4UI_LIBS
configure:15672: result: -lxfce4ui-2 -lgtk-3 -lgdk-3 -lz -lpangocairo-1.0 -lpango-1.0 -lharfbuzz -latk-1.0 -lcairo-gobject -lcairo -lgdk_pixbuf-2.0 -lgio-2.0 -lgobject-2.0 -lxfce4util -lglib-2.0
configure:15771: checking for pkg-config
configure:15801: result: /usr/bin/pkg-config
configure:15826: checking pkg-config is at least version 0.9.0
configure:15829: result: yes
configure:15851: checking for libxfce4panel-2.0 >= 4.12.0
configure:15855: result: 4.18.2
configure:15858: checking LIBXFCE4PANEL_CFLAGS
configure:15861: result: -pthread -I/usr/include/xfce4/libxfce4panel-2.0 -I/usr/include/gtk-3.0 -I/usr/include/at-spi2-atk/2.0 -I/usr/include/at-spi-2.0 -I/usr/include/dbus-1.0 -I/usr/lib/dbus-1.0/include -I/usr/include/gtk-3.0 -I/usr/include/gio-unix-2.0 -I/usr/include/cairo -I/usr/include/libdrm -I/usr/include/pango-1.0 -I/usr/include/harfbuzz -I/usr/include/pango-1.0 -I/usr/include/fribidi -I/usr/include/atk-1.0 -I/usr/include/cairo -I/usr/include/pixman-1 -I/usr/include/freetype2 -I/usr/include/harfbuzz -I/usr/include/gdk-pixbuf-2.0 -I/usr/include/libpng16 -I/usr/include/libmount -I/usr/include/blkid -I/usr/include/xfce4 -I/usr/include/glib-2.0 -I/usr/lib/glib-2.0/include
configure:15864: checking LIBXFCE4PANEL_LIBS
configure:15867: result: -lxfce4panel-2.0 -lgtk-3 -lgdk-3 -lz -lpangocairo-1.0 -lpango-1.0 -lharfbuzz -latk-1.0 -lcairo-gobject -lcairo -lgdk_pixbuf-2.0 -lgio-2.0 -lgobject-2.0 -Wl,--export-dynamic -lgmodule-2.0 -pthread -lxfce4util -lglib-2.0
configure:15966: checking for pkg-config
configure:15996: result: /usr/bin/pkg-config
configure:16021: checking pkg-config is at least version 0.9.0
configure:16024: result: yes
configure:16046: checking for libxfconf-0 >= 4.10.0
configure:16050: result: 4.18.0
configure:16053: checking XFCONF_CFLAGS
configure:16056: result: -pthread -I/usr/include/xfce4/xfconf-0 -I/usr/include/libmount -I/usr/include/blkid -I/usr/include/glib-2.0 -I/usr/lib/glib-2.0/include
configure:16059: checking XFCONF_LIBS
configure:16062: result: -lxfconf-0 -lgio-2.0 -lgobject-2.0 -lglib-2.0
configure:16161: checking for pkg-config
configure:16191: result: /usr/bin/pkg-config
configure:16216: checking pkg-config is at least version 0.9.0
configure:16219: result: yes
configure:16241: checking for gio-2.0 >= 2.42.0
configure:16245: result: 2.74.5
configure:16248: checking GIO_CFLAGS
configure:16251: result: -pthread -I/usr/include/libmount -I/usr/include/blkid -I/usr/include/glib-2.0 -I/usr/lib/glib-2.0/include
configure:16254: checking GIO_LIBS
configure:16257: result: -lgio-2.0 -lgobject-2.0 -lglib-2.0
configure:16356: checking for pkg-config
configure:16386: result: /usr/bin/pkg-config
configure:16411: checking pkg-config is at least version 0.9.0
configure:16414: result: yes
configure:16436: checking for gio-unix-2.0 >= 2.42.0
configure:16440: result: 2.74.5
configure:16443: checking GIO_UNIX_CFLAGS
configure:16446: result: -pthread -I/usr/include/gio-unix-2.0 -I/usr/include/libmount -I/usr/include/blkid -I/usr/include/glib-2.0 -I/usr/lib/glib-2.0/include
configure:16449: checking GIO_UNIX_LIBS
configure:16452: result: -lgio-2.0 -lgobject-2.0 -lglib-2.0
configure:16551: checking for pkg-config
configure:16581: result: /usr/bin/pkg-config
configure:16606: checking pkg-config is at least version 0.9.0
configure:16609: result: yes
configure:16631: checking for libnotify >= 0.7.0
configure:16635: result: 0.8.1
configure:16638: checking LIBNOTIFY_CFLAGS
configure:16641: result: -pthread -I/usr/include/gdk-pixbuf-2.0 -I/usr/include/libpng16 -I/usr/include/libmount -I/usr/include/blkid -I/usr/include/glib-2.0 -I/usr/lib/glib-2.0/include
configure:16644: checking LIBNOTIFY_LIBS
configure:16647: result: -lnotify -lgdk_pixbuf-2.0 -lgio-2.0 -lgobject-2.0 -lglib-2.0
configure:16689: checking for GTK
configure:16696: $PKG_CONFIG --exists --print-errors "gtk+-3.0 >= 3.20"
configure:16699: $? = 0
configure:16713: $PKG_CONFIG --exists --print-errors "gtk+-3.0 >= 3.20"
configure:16716: $? = 0
configure:16938: result: yes
configure:16954: checking for gdbus-codegen
configure:16972: found /usr/bin/gdbus-codegen
configure:16985: result: /usr/bin/gdbus-codegen
configure:17064: checking whether to build with debugging support
configure:17145: result: minimum
configure:17254: checking that generated files are newer than configure
configure:17260: result: done
configure:17307: creating ./config.status

## ---------------------- ##
## Running config.status. ##
## ---------------------- ##

This file was extended by xfce4-notifyd config.status 0.6.2, which was
generated by GNU Autoconf 2.69.  Invocation command line was

  CONFIG_FILES    = 
  CONFIG_HEADERS  = 
  CONFIG_LINKS    = 
  CONFIG_COMMANDS = 
  $ ./config.status 

on IterkoczeOS

config.status:1265: creating Makefile
config.status:1265: creating icons/Makefile
config.status:1265: creating icons/16x16/Makefile
config.status:1265: creating icons/48x48/Makefile
config.status:1265: creating icons/128x128/Makefile
config.status:1265: creating icons/scalable/Makefile
config.status:1265: creating icons/symbolic/Makefile
config.status:1265: creating common/Makefile
config.status:1265: creating panel-plugin/Makefile
config.status:1265: creating po/Makefile.in
config.status:1265: creating config.h
config.status:1494: executing depfiles commands
config.status:1571: cd .       && sed -e '/# am--include-marker/d' Makefile         | make -f - am--depfiles
config.status:1576: $? = 0
config.status:1571: cd common       && sed -e '/# am--include-marker/d' Makefile         | make -f - am--depfiles
config.status:1576: $? = 0
config.status:1571: cd panel-plugin       && sed -e '/# am--include-marker/d' Makefile         | make -f - am--depfiles
config.status:1576: $? = 0
config.status:1494: executing libtool commands
config.status:1494: executing default-1 commands
config.status:1494: executing po/stamp-it commands

## ---------------- ##
## Cache variables. ##
## ---------------- ##

ac_cv_build=x86_64-pc-linux-gnu
ac_cv_c_compiler_gnu=yes
ac_cv_env_CC_set=
ac_cv_env_CC_value=
ac_cv_env_CFLAGS_set=
ac_cv_env_CFLAGS_value=
ac_cv_env_CPPFLAGS_set=
ac_cv_env_CPPFLAGS_value=
ac_cv_env_CPP_set=
ac_cv_env_CPP_value=
ac_cv_env_GDBUS_CODEGEN_set=
ac_cv_env_GDBUS_CODEGEN_value=
ac_cv_env_GTK_CFLAGS_set=
ac_cv_env_GTK_CFLAGS_value=
ac_cv_env_GTK_LIBS_set=
ac_cv_env_GTK_LIBS_value=
ac_cv_env_LDFLAGS_set=
ac_cv_env_LDFLAGS_value=
ac_cv_env_LIBS_set=
ac_cv_env_LIBS_value=
ac_cv_env_LT_SYS_LIBRARY_PATH_set=
ac_cv_env_LT_SYS_LIBRARY_PATH_value=
ac_cv_env_PKG_CONFIG_LIBDIR_set=
ac_cv_env_PKG_CONFIG_LIBDIR_value=
ac_cv_env_PKG_CONFIG_PATH_set=
ac_cv_env_PKG_CONFIG_PATH_value=
ac_cv_env_PKG_CONFIG_set=
ac_cv_env_PKG_CONFIG_value=
ac_cv_env_XMKMF_set=
ac_cv_env_XMKMF_value=
ac_cv_env_build_alias_set=
ac_cv_env_build_alias_value=
ac_cv_env_host_alias_set=
ac_cv_env_host_alias_value=
ac_cv_env_target_alias_set=
ac_cv_env_target_alias_value=
ac_cv_func_bind_textdomain_codeset=yes
ac_cv_func_connect=yes
ac_cv_func_dcgettext=yes
ac_cv_func_gethostbyname=yes
ac_cv_func_remove=yes
ac_cv_func_shmat=yes
ac_cv_have_x='have_x=yes	ac_x_includes='\'''\''	ac_x_libraries='\'''\'''
ac_cv_header_dlfcn_h=yes
ac_cv_header_errno_h=yes
ac_cv_header_fcntl_h=yes
ac_cv_header_grp_h=yes
ac_cv_header_inttypes_h=yes
ac_cv_header_libintl_h=yes
ac_cv_header_locale_h=yes
ac_cv_header_memory_h=yes
ac_cv_header_minix_config_h=no
ac_cv_header_signal_h=yes
ac_cv_header_stdc=yes
ac_cv_header_stdint_h=yes
ac_cv_header_stdlib_h=yes
ac_cv_header_string_h=yes
ac_cv_header_strings_h=yes
ac_cv_header_sys_stat_h=yes
ac_cv_header_sys_time_h=yes
ac_cv_header_sys_types_h=yes
ac_cv_header_sys_wait_h=yes
ac_cv_header_unistd_h=yes
ac_cv_host=x86_64-pc-linux-gnu
ac_cv_lib_ICE_IceConnectionNumber=yes
ac_cv_lib_X11_main=yes
ac_cv_objext=o
ac_cv_path_EGREP='/usr/bin/grep -E'
ac_cv_path_FGREP='/usr/bin/grep -F'
ac_cv_path_GDBUS_CODEGEN=/usr/bin/gdbus-codegen
ac_cv_path_GMSGFMT=/usr/bin/msgfmt
ac_cv_path_GREP=/usr/bin/grep
ac_cv_path_INTLTOOL_EXTRACT=/usr/bin/intltool-extract
ac_cv_path_INTLTOOL_MERGE=/usr/bin/intltool-merge
ac_cv_path_INTLTOOL_PERL=/usr/bin/perl
ac_cv_path_INTLTOOL_UPDATE=/usr/bin/intltool-update
ac_cv_path_MSGFMT=/usr/bin/msgfmt
ac_cv_path_MSGMERGE=/usr/bin/msgmerge
ac_cv_path_SED=/usr/bin/sed
ac_cv_path_XGETTEXT=/usr/bin/xgettext
ac_cv_path_ac_pt_PKG_CONFIG=/usr/bin/pkg-config
ac_cv_path_install='/usr/bin/install -c'
ac_cv_path_lt_DD=/usr/bin/dd
ac_cv_path_mkdir=/usr/bin/mkdir
ac_cv_prog_AWK=gawk
ac_cv_prog_CPP='gcc -E'
ac_cv_prog_ac_ct_AR=ar
ac_cv_prog_ac_ct_CC=gcc
ac_cv_prog_ac_ct_OBJDUMP=objdump
ac_cv_prog_ac_ct_RANLIB=ranlib
ac_cv_prog_ac_ct_STRIP=strip
ac_cv_prog_cc_c89=
ac_cv_prog_cc_g=yes
ac_cv_prog_make_make_set=yes
ac_cv_safe_to_define___extensions__=yes
am_cv_CC_dependencies_compiler_type=gcc3
am_cv_make_support_nested_variables=yes
am_cv_prog_cc_c_o=yes
am_cv_prog_tar_ustar=gnutar
am_cv_val_LC_MESSAGES=yes
gt_cv_func_CFLocaleCopyCurrent=no
gt_cv_func_CFPreferencesCopyAppValue=no
gt_cv_func_dgettext_libc=yes
gt_cv_func_dgettext_libintl=no
gt_cv_func_ngettext_libc=yes
gt_cv_have_gettext=yes
lt_cv_ar_at_file=@
lt_cv_archive_cmds_need_lc=no
lt_cv_deplibs_check_method=pass_all
lt_cv_file_magic_cmd='$MAGIC_CMD'
lt_cv_file_magic_test_file=
lt_cv_ld_reload_flag=-r
lt_cv_nm_interface='BSD nm'
lt_cv_objdir=.libs
lt_cv_path_LD=/usr/bin/ld
lt_cv_path_NM='/usr/bin/nm -B'
lt_cv_path_mainfest_tool=no
lt_cv_prog_compiler_c_o=yes
lt_cv_prog_compiler_pic='-fPIC -DPIC'
lt_cv_prog_compiler_pic_works=yes
lt_cv_prog_compiler_rtti_exceptions=no
lt_cv_prog_compiler_static_works=yes
lt_cv_prog_gnu_ld=yes
lt_cv_sharedlib_from_linklib_cmd='printf %s\n'
lt_cv_shlibpath_overrides_runpath=no
lt_cv_sys_global_symbol_pipe='sed -n -e '\''s/^.*[	 ]\([ABCDGIRSTW][ABCDGIRSTW]*\)[	 ][	 ]*\([_A-Za-z][_A-Za-z0-9]*\)$/\1 \2 \2/p'\'' | sed '\''/ __gnu_lto/d'\'''
lt_cv_sys_global_symbol_to_c_name_address='sed -n -e '\''s/^: \(.*\) .*$/  {"\1", (void *) 0},/p'\'' -e '\''s/^[ABCDGIRSTW][ABCDGIRSTW]* .* \(.*\)$/  {"\1", (void *) \&\1},/p'\'''
lt_cv_sys_global_symbol_to_c_name_address_lib_prefix='sed -n -e '\''s/^: \(.*\) .*$/  {"\1", (void *) 0},/p'\'' -e '\''s/^[ABCDGIRSTW][ABCDGIRSTW]* .* \(lib.*\)$/  {"\1", (void *) \&\1},/p'\'' -e '\''s/^[ABCDGIRSTW][ABCDGIRSTW]* .* \(.*\)$/  {"lib\1", (void *) \&\1},/p'\'''
lt_cv_sys_global_symbol_to_cdecl='sed -n -e '\''s/^T .* \(.*\)$/extern int \1();/p'\'' -e '\''s/^[ABCDGIRSTW][ABCDGIRSTW]* .* \(.*\)$/extern char \1;/p'\'''
lt_cv_sys_global_symbol_to_import=
lt_cv_sys_max_cmd_len=1572864
lt_cv_to_host_file_cmd=func_convert_file_noop
lt_cv_to_tool_file_cmd=func_convert_file_noop
lt_cv_truncate_bin='/usr/bin/dd bs=4096 count=1'
pkg_cv_GTK_CFLAGS='-pthread -I/usr/include/gtk-3.0 -I/usr/include/at-spi2-atk/2.0 -I/usr/include/at-spi-2.0 -I/usr/include/dbus-1.0 -I/usr/lib/dbus-1.0/include -I/usr/include/gtk-3.0 -I/usr/include/gio-unix-2.0 -I/usr/include/cairo -I/usr/include/libdrm -I/usr/include/pango-1.0 -I/usr/include/harfbuzz -I/usr/include/pango-1.0 -I/usr/include/fribidi -I/usr/include/atk-1.0 -I/usr/include/cairo -I/usr/include/pixman-1 -I/usr/include/freetype2 -I/usr/include/harfbuzz -I/usr/include/gdk-pixbuf-2.0 -I/usr/include/libpng16 -I/usr/include/libmount -I/usr/include/blkid -I/usr/include/glib-2.0 -I/usr/lib/glib-2.0/include'
pkg_cv_GTK_LIBS='-lgtk-3 -lgdk-3 -lz -lpangocairo-1.0 -lpango-1.0 -lharfbuzz -latk-1.0 -lcairo-gobject -lcairo -lgdk_pixbuf-2.0 -lgio-2.0 -lgobject-2.0 -lglib-2.0'
xdt_cv_PKG_CONFIG_MIN_VERSION=0.9.0

## ----------------- ##
## Output variables. ##
## ----------------- ##

ACLOCAL='${SHELL} /sources/xfce/xfce4-notifyd-0.6.2/missing aclocal-1.16'
ALL_LINGUAS='ar ast be bg ca cs da de el en_AU en_GB es et eu fi fr gl he hr hu hy_AM hye id ie is it ja ka kk ko lt lv ms nb nl oc pa pl pt pt_BR ro ru si sk sl sq sr sv th tr ug uk vi zh_CN zh_TW'
AMDEPBACKSLASH='\'
AMDEP_FALSE='#'
AMDEP_TRUE=''
AMTAR='$${TAR-tar}'
AM_BACKSLASH='\'
AM_DEFAULT_V='$(AM_DEFAULT_VERBOSITY)'
AM_DEFAULT_VERBOSITY='0'
AM_V='$(V)'
AR='ar'
AUTOCONF='${SHELL} /sources/xfce/xfce4-notifyd-0.6.2/missing autoconf'
AUTOHEADER='${SHELL} /sources/xfce/xfce4-notifyd-0.6.2/missing autoheader'
AUTOMAKE='${SHELL} /sources/xfce/xfce4-notifyd-0.6.2/missing automake-1.16'
AWK='gawk'
CATALOGS=' ar.gmo ast.gmo be.gmo bg.gmo ca.gmo cs.gmo da.gmo de.gmo el.gmo en_AU.gmo en_GB.gmo es.gmo et.gmo eu.gmo fi.gmo fr.gmo gl.gmo he.gmo hr.gmo hu.gmo hy_AM.gmo hye.gmo id.gmo ie.gmo is.gmo it.gmo ja.gmo ka.gmo kk.gmo ko.gmo lt.gmo lv.gmo ms.gmo nb.gmo nl.gmo oc.gmo pa.gmo pl.gmo pt.gmo pt_BR.gmo ro.gmo ru.gmo si.gmo sk.gmo sl.gmo sq.gmo sr.gmo sv.gmo th.gmo tr.gmo ug.gmo uk.gmo vi.gmo zh_CN.gmo zh_TW.gmo'
CATOBJEXT='.gmo'
CC='gcc'
CCDEPMODE='depmode=gcc3'
CFLAGS='-g -O2'
CPP='gcc -E'
CPPFLAGS=' -DNDEBUG'
CYGPATH_W='echo'
DATADIRNAME='share'
DEFS='-DHAVE_CONFIG_H'
DEPDIR='.deps'
DLLTOOL='false'
DSYMUTIL=''
DUMPBIN=''
ECHO_C=''
ECHO_N='-n'
ECHO_T=''
EGREP='/usr/bin/grep -E'
EXEEXT=''
FGREP='/usr/bin/grep -F'
GDBUS_CODEGEN='/usr/bin/gdbus-codegen'
GETTEXT_PACKAGE='xfce4-notifyd'
GIO_CFLAGS='-pthread -I/usr/include/libmount -I/usr/include/blkid -I/usr/include/glib-2.0 -I/usr/lib/glib-2.0/include'
GIO_LIBS='-lgio-2.0 -lgobject-2.0 -lglib-2.0'
GIO_REQUIRED_VERSION='2.42.0'
GIO_UNIX_CFLAGS='-pthread -I/usr/include/gio-unix-2.0 -I/usr/include/libmount -I/usr/include/blkid -I/usr/include/glib-2.0 -I/usr/lib/glib-2.0/include'
GIO_UNIX_LIBS='-lgio-2.0 -lgobject-2.0 -lglib-2.0'
GIO_UNIX_REQUIRED_VERSION='2.42.0'
GIO_UNIX_VERSION='2.74.5'
GIO_VERSION='2.74.5'
GMOFILES=' ar.gmo ast.gmo be.gmo bg.gmo ca.gmo cs.gmo da.gmo de.gmo el.gmo en_AU.gmo en_GB.gmo es.gmo et.gmo eu.gmo fi.gmo fr.gmo gl.gmo he.gmo hr.gmo hu.gmo hy_AM.gmo hye.gmo id.gmo ie.gmo is.gmo it.gmo ja.gmo ka.gmo kk.gmo ko.gmo lt.gmo lv.gmo ms.gmo nb.gmo nl.gmo oc.gmo pa.gmo pl.gmo pt.gmo pt_BR.gmo ro.gmo ru.gmo si.gmo sk.gmo sl.gmo sq.gmo sr.gmo sv.gmo th.gmo tr.gmo ug.gmo uk.gmo vi.gmo zh_CN.gmo zh_TW.gmo'
GMSGFMT='/usr/bin/msgfmt'
GREP='/usr/bin/grep'
GTK_CFLAGS='-pthread -I/usr/include/gtk-3.0 -I/usr/include/at-spi2-atk/2.0 -I/usr/include/at-spi-2.0 -I/usr/include/dbus-1.0 -I/usr/lib/dbus-1.0/include -I/usr/include/gtk-3.0 -I/usr/include/gio-unix-2.0 -I/usr/include/cairo -I/usr/include/libdrm -I/usr/include/pango-1.0 -I/usr/include/harfbuzz -I/usr/include/pango-1.0 -I/usr/include/fribidi -I/usr/include/atk-1.0 -I/usr/include/cairo -I/usr/include/pixman-1 -I/usr/include/freetype2 -I/usr/include/harfbuzz -I/usr/include/gdk-pixbuf-2.0 -I/usr/include/libpng16 -I/usr/include/libmount -I/usr/include/blkid -I/usr/include/glib-2.0 -I/usr/lib/glib-2.0/include'
GTK_LIBS='-lgtk-3 -lgdk-3 -lz -lpangocairo-1.0 -lpango-1.0 -lharfbuzz -latk-1.0 -lcairo-gobject -lcairo -lgdk_pixbuf-2.0 -lgio-2.0 -lgobject-2.0 -lglib-2.0'
HAVE_GTK_320_FALSE='#'
HAVE_GTK_320_TRUE=''
HELPER_PATH_PREFIX='${exec_prefix}/lib'
INSTALL_DATA='${INSTALL} -m 644'
INSTALL_PROGRAM='${INSTALL}'
INSTALL_SCRIPT='${INSTALL}'
INSTALL_STRIP_PROGRAM='$(install_sh) -c -s'
INSTOBJEXT='.mo'
INTLLIBS=''
INTLTOOL_CAVES_RULE='%.caves:     %.caves.in     $(INTLTOOL_MERGE) $(wildcard $(top_srcdir)/po/*.po) ; $(INTLTOOL_V_MERGE)LC_ALL=C $(INTLTOOL_MERGE) $(INTLTOOL_V_MERGE_OPTIONS) -d -u -c $(top_builddir)/po/.intltool-merge-cache $(top_srcdir)/po $< $@'
INTLTOOL_DESKTOP_RULE='%.desktop:   %.desktop.in   $(INTLTOOL_MERGE) $(wildcard $(top_srcdir)/po/*.po) ; $(INTLTOOL_V_MERGE)LC_ALL=C $(INTLTOOL_MERGE) $(INTLTOOL_V_MERGE_OPTIONS) -d -u -c $(top_builddir)/po/.intltool-merge-cache $(top_srcdir)/po $< $@'
INTLTOOL_DIRECTORY_RULE='%.directory: %.directory.in $(INTLTOOL_MERGE) $(wildcard $(top_srcdir)/po/*.po) ; $(INTLTOOL_V_MERGE)LC_ALL=C $(INTLTOOL_MERGE) $(INTLTOOL_V_MERGE_OPTIONS) -d -u -c $(top_builddir)/po/.intltool-merge-cache $(top_srcdir)/po $< $@'
INTLTOOL_EXTRACT='/usr/bin/intltool-extract'
INTLTOOL_KBD_RULE='%.kbd:       %.kbd.in       $(INTLTOOL_MERGE) $(wildcard $(top_srcdir)/po/*.po) ; $(INTLTOOL_V_MERGE)LC_ALL=C $(INTLTOOL_MERGE) $(INTLTOOL_V_MERGE_OPTIONS) -x -u -m -c $(top_builddir)/po/.intltool-merge-cache $(top_srcdir)/po $< $@'
INTLTOOL_KEYS_RULE='%.keys:      %.keys.in      $(INTLTOOL_MERGE) $(wildcard $(top_srcdir)/po/*.po) ; $(INTLTOOL_V_MERGE)LC_ALL=C $(INTLTOOL_MERGE) $(INTLTOOL_V_MERGE_OPTIONS) -k -u -c $(top_builddir)/po/.intltool-merge-cache $(top_srcdir)/po $< $@'
INTLTOOL_MERGE='/usr/bin/intltool-merge'
INTLTOOL_OAF_RULE='%.oaf:       %.oaf.in       $(INTLTOOL_MERGE) $(wildcard $(top_srcdir)/po/*.po) ; $(INTLTOOL_V_MERGE)LC_ALL=C $(INTLTOOL_MERGE) $(INTLTOOL_V_MERGE_OPTIONS) -o -p $(top_srcdir)/po $< $@'
INTLTOOL_PERL='/usr/bin/perl'
INTLTOOL_POLICY_RULE='%.policy:    %.policy.in    $(INTLTOOL_MERGE) $(wildcard $(top_srcdir)/po/*.po) ; $(INTLTOOL_V_MERGE)LC_ALL=C $(INTLTOOL_MERGE) $(INTLTOOL_V_MERGE_OPTIONS) -x -u -c $(top_builddir)/po/.intltool-merge-cache $(top_srcdir)/po $< $@'
INTLTOOL_PONG_RULE='%.pong:      %.pong.in      $(INTLTOOL_MERGE) $(wildcard $(top_srcdir)/po/*.po) ; $(INTLTOOL_V_MERGE)LC_ALL=C $(INTLTOOL_MERGE) $(INTLTOOL_V_MERGE_OPTIONS) -x -u -c $(top_builddir)/po/.intltool-merge-cache $(top_srcdir)/po $< $@'
INTLTOOL_PROP_RULE='%.prop:      %.prop.in      $(INTLTOOL_MERGE) $(wildcard $(top_srcdir)/po/*.po) ; $(INTLTOOL_V_MERGE)LC_ALL=C $(INTLTOOL_MERGE) $(INTLTOOL_V_MERGE_OPTIONS) -d -u -c $(top_builddir)/po/.intltool-merge-cache $(top_srcdir)/po $< $@'
INTLTOOL_SCHEMAS_RULE='%.schemas:   %.schemas.in   $(INTLTOOL_MERGE) $(wildcard $(top_srcdir)/po/*.po) ; $(INTLTOOL_V_MERGE)LC_ALL=C $(INTLTOOL_MERGE) $(INTLTOOL_V_MERGE_OPTIONS) -s -u -c $(top_builddir)/po/.intltool-merge-cache $(top_srcdir)/po $< $@'
INTLTOOL_SERVER_RULE='%.server:    %.server.in    $(INTLTOOL_MERGE) $(wildcard $(top_srcdir)/po/*.po) ; $(INTLTOOL_V_MERGE)LC_ALL=C $(INTLTOOL_MERGE) $(INTLTOOL_V_MERGE_OPTIONS) -o -u -c $(top_builddir)/po/.intltool-merge-cache $(top_srcdir)/po $< $@'
INTLTOOL_SERVICE_RULE='%.service: %.service.in   $(INTLTOOL_MERGE) $(wildcard $(top_srcdir)/po/*.po) ; $(INTLTOOL_V_MERGE)LC_ALL=C $(INTLTOOL_MERGE) $(INTLTOOL_V_MERGE_OPTIONS) -d -u -c $(top_builddir)/po/.intltool-merge-cache $(top_srcdir)/po $< $@'
INTLTOOL_SHEET_RULE='%.sheet:     %.sheet.in     $(INTLTOOL_MERGE) $(wildcard $(top_srcdir)/po/*.po) ; $(INTLTOOL_V_MERGE)LC_ALL=C $(INTLTOOL_MERGE) $(INTLTOOL_V_MERGE_OPTIONS) -x -u -c $(top_builddir)/po/.intltool-merge-cache $(top_srcdir)/po $< $@'
INTLTOOL_SOUNDLIST_RULE='%.soundlist: %.soundlist.in $(INTLTOOL_MERGE) $(wildcard $(top_srcdir)/po/*.po) ; $(INTLTOOL_V_MERGE)LC_ALL=C $(INTLTOOL_MERGE) $(INTLTOOL_V_MERGE_OPTIONS) -d -u -c $(top_builddir)/po/.intltool-merge-cache $(top_srcdir)/po $< $@'
INTLTOOL_THEME_RULE='%.theme:     %.theme.in     $(INTLTOOL_MERGE) $(wildcard $(top_srcdir)/po/*.po) ; $(INTLTOOL_V_MERGE)LC_ALL=C $(INTLTOOL_MERGE) $(INTLTOOL_V_MERGE_OPTIONS) -d -u -c $(top_builddir)/po/.intltool-merge-cache $(top_srcdir)/po $< $@'
INTLTOOL_UI_RULE='%.ui:        %.ui.in        $(INTLTOOL_MERGE) $(wildcard $(top_srcdir)/po/*.po) ; $(INTLTOOL_V_MERGE)LC_ALL=C $(INTLTOOL_MERGE) $(INTLTOOL_V_MERGE_OPTIONS) -x -u -c $(top_builddir)/po/.intltool-merge-cache $(top_srcdir)/po $< $@'
INTLTOOL_UPDATE='/usr/bin/intltool-update'
INTLTOOL_V_MERGE='$(INTLTOOL__v_MERGE_$(V))'
INTLTOOL_V_MERGE_OPTIONS='$(intltool__v_merge_options_$(V))'
INTLTOOL_XAM_RULE='%.xam:       %.xml.in       $(INTLTOOL_MERGE) $(wildcard $(top_srcdir)/po/*.po) ; $(INTLTOOL_V_MERGE)LC_ALL=C $(INTLTOOL_MERGE) $(INTLTOOL_V_MERGE_OPTIONS) -x -u -c $(top_builddir)/po/.intltool-merge-cache $(top_srcdir)/po $< $@'
INTLTOOL_XML_NOMERGE_RULE='%.xml:       %.xml.in       $(INTLTOOL_MERGE) ; $(INTLTOOL_V_MERGE)LC_ALL=C $(INTLTOOL_MERGE) $(INTLTOOL_V_MERGE_OPTIONS) -x -u --no-translations $< $@'
INTLTOOL_XML_RULE='%.xml:       %.xml.in       $(INTLTOOL_MERGE) $(wildcard $(top_srcdir)/po/*.po) ; $(INTLTOOL_V_MERGE)LC_ALL=C $(INTLTOOL_MERGE) $(INTLTOOL_V_MERGE_OPTIONS) -x -u -c $(top_builddir)/po/.intltool-merge-cache $(top_srcdir)/po $< $@'
INTLTOOL__v_MERGE_0='@echo "  ITMRG " $@;'
INTLTOOL__v_MERGE_='$(INTLTOOL__v_MERGE_$(AM_DEFAULT_VERBOSITY))'
INTL_MACOSX_LIBS=''
LD='/usr/bin/ld -m elf_x86_64'
LDFLAGS=''
LIBNOTIFY_CFLAGS='-pthread -I/usr/include/gdk-pixbuf-2.0 -I/usr/include/libpng16 -I/usr/include/libmount -I/usr/include/blkid -I/usr/include/glib-2.0 -I/usr/lib/glib-2.0/include'
LIBNOTIFY_LIBS='-lnotify -lgdk_pixbuf-2.0 -lgio-2.0 -lgobject-2.0 -lglib-2.0'
LIBNOTIFY_REQUIRED_VERSION='0.7.0'
LIBNOTIFY_VERSION='0.8.1'
LIBOBJS=''
LIBS=''
LIBTOOL='$(SHELL) $(top_builddir)/libtool'
LIBX11_CFLAGS=''
LIBX11_LDFLAGS=''
LIBX11_LIBS=' -lSM -lICE -lX11'
LIBXFCE4PANEL_CFLAGS='-pthread -I/usr/include/xfce4/libxfce4panel-2.0 -I/usr/include/gtk-3.0 -I/usr/include/at-spi2-atk/2.0 -I/usr/include/at-spi-2.0 -I/usr/include/dbus-1.0 -I/usr/lib/dbus-1.0/include -I/usr/include/gtk-3.0 -I/usr/include/gio-unix-2.0 -I/usr/include/cairo -I/usr/include/libdrm -I/usr/include/pango-1.0 -I/usr/include/harfbuzz -I/usr/include/pango-1.0 -I/usr/include/fribidi -I/usr/include/atk-1.0 -I/usr/include/cairo -I/usr/include/pixman-1 -I/usr/include/freetype2 -I/usr/include/harfbuzz -I/usr/include/gdk-pixbuf-2.0 -I/usr/include/libpng16 -I/usr/include/libmount -I/usr/include/blkid -I/usr/include/xfce4 -I/usr/include/glib-2.0 -I/usr/lib/glib-2.0/include'
LIBXFCE4PANEL_LIBS='-lxfce4panel-2.0 -lgtk-3 -lgdk-3 -lz -lpangocairo-1.0 -lpango-1.0 -lharfbuzz -latk-1.0 -lcairo-gobject -lcairo -lgdk_pixbuf-2.0 -lgio-2.0 -lgobject-2.0 -Wl,--export-dynamic -lgmodule-2.0 -pthread -lxfce4util -lglib-2.0'
LIBXFCE4PANEL_REQUIRED_VERSION='4.12.0'
LIBXFCE4PANEL_VERSION='4.18.2'
LIBXFCE4UI_CFLAGS='-pthread -I/usr/include/xfce4/libxfce4ui-2 -I/usr/include/gtk-3.0 -I/usr/include/at-spi2-atk/2.0 -I/usr/include/at-spi-2.0 -I/usr/include/dbus-1.0 -I/usr/lib/dbus-1.0/include -I/usr/include/gtk-3.0 -I/usr/include/gio-unix-2.0 -I/usr/include/cairo -I/usr/include/libdrm -I/usr/include/pango-1.0 -I/usr/include/harfbuzz -I/usr/include/pango-1.0 -I/usr/include/fribidi -I/usr/include/atk-1.0 -I/usr/include/cairo -I/usr/include/pixman-1 -I/usr/include/freetype2 -I/usr/include/harfbuzz -I/usr/include/gdk-pixbuf-2.0 -I/usr/include/libpng16 -I/usr/include/libmount -I/usr/include/blkid -I/usr/include/xfce4 -I/usr/include/glib-2.0 -I/usr/lib/glib-2.0/include'
LIBXFCE4UI_LIBS='-lxfce4ui-2 -lgtk-3 -lgdk-3 -lz -lpangocairo-1.0 -lpango-1.0 -lharfbuzz -latk-1.0 -lcairo-gobject -lcairo -lgdk_pixbuf-2.0 -lgio-2.0 -lgobject-2.0 -lxfce4util -lglib-2.0'
LIBXFCE4UI_REQUIRED_VERSION='4.12.0'
LIBXFCE4UI_VERSION='4.18.2'
LIBXFCE4UTIL_CFLAGS='-I/usr/include/xfce4 -I/usr/include/glib-2.0 -I/usr/lib/glib-2.0/include'
LIBXFCE4UTIL_LIBS='-lxfce4util -lglib-2.0'
LIBXFCE4UTIL_REQUIRED_VERSION='4.12.0'
LIBXFCE4UTIL_VERSION='4.18.1'
LIPO=''
LN_S='ln -s'
LTLIBOBJS=''
LT_SYS_LIBRARY_PATH=''
MAINT='#'
MAINTAINER_MODE_FALSE=''
MAINTAINER_MODE_TRUE='#'
MAKEINFO='${SHELL} /sources/xfce/xfce4-notifyd-0.6.2/missing makeinfo'
MANIFEST_TOOL=':'
MKDIR_P='/usr/bin/mkdir -p'
MKINSTALLDIRS='./mkinstalldirs'
MSGFMT='/usr/bin/msgfmt'
MSGFMT_OPTS='-c'
MSGMERGE='/usr/bin/msgmerge'
NM='/usr/bin/nm -B'
NMEDIT=''
OBJDUMP='objdump'
OBJEXT='o'
OTOOL64=''
OTOOL=''
PACKAGE='xfce4-notifyd'
PACKAGE_BUGREPORT='https://bugzilla.xfce.org/enter_bug.cgi?product=Xfce4-notifyd'
PACKAGE_NAME='xfce4-notifyd'
PACKAGE_STRING='xfce4-notifyd 0.6.2'
PACKAGE_TARNAME='xfce4-notifyd'
PACKAGE_URL=''
PACKAGE_VERSION='0.6.2'
PATH_SEPARATOR=':'
PKG_CONFIG='/usr/bin/pkg-config'
PKG_CONFIG_LIBDIR=''
PKG_CONFIG_PATH=''
POFILES=' ar.po ast.po be.po bg.po ca.po cs.po da.po de.po el.po en_AU.po en_GB.po es.po et.po eu.po fi.po fr.po gl.po he.po hr.po hu.po hy_AM.po hye.po id.po ie.po is.po it.po ja.po ka.po kk.po ko.po lt.po lv.po ms.po nb.po nl.po oc.po pa.po pl.po pt.po pt_BR.po ro.po ru.po si.po sk.po sl.po sq.po sr.po sv.po th.po tr.po ug.po uk.po vi.po zh_CN.po zh_TW.po'
POSUB='po'
PO_IN_DATADIR_FALSE=''
PO_IN_DATADIR_TRUE=''
RANLIB='ranlib'
SED='/usr/bin/sed'
SET_MAKE=''
SHELL='/bin/sh'
STRIP='strip'
USE_DBUS_START_DAEMON_FALSE=''
USE_DBUS_START_DAEMON_TRUE='#'
USE_NLS='yes'
USE_OLD_GET_SERVER_INFORMATION_SIGNATURE_FALSE=''
USE_OLD_GET_SERVER_INFORMATION_SIGNATURE_TRUE='#'
VERSION='0.6.2'
XFCONF_CFLAGS='-pthread -I/usr/include/xfce4/xfconf-0 -I/usr/include/libmount -I/usr/include/blkid -I/usr/include/glib-2.0 -I/usr/lib/glib-2.0/include'
XFCONF_LIBS='-lxfconf-0 -lgio-2.0 -lgobject-2.0 -lglib-2.0'
XFCONF_REQUIRED_VERSION='4.10.0'
XFCONF_VERSION='4.18.0'
XGETTEXT='/usr/bin/xgettext'
XGETTEXT_ARGS='--keyword=Q_ --from-code=UTF-8'
XMKMF=''
X_CFLAGS=''
X_EXTRA_LIBS=''
X_LIBS=''
X_PRE_LIBS=' -lSM -lICE'
ac_ct_AR='ar'
ac_ct_CC='gcc'
ac_ct_DUMPBIN=''
am__EXEEXT_FALSE=''
am__EXEEXT_TRUE='#'
am__fastdepCC_FALSE='#'
am__fastdepCC_TRUE=''
am__include='include'
am__isrc=''
am__leading_dot='.'
am__nodep='_no'
am__quote=''
am__tar='tar --format=ustar -chf - "$$tardir"'
am__untar='tar -xf -'
bindir='${exec_prefix}/bin'
build='x86_64-pc-linux-gnu'
build_alias=''
build_cpu='x86_64'
build_os='linux-gnu'
build_vendor='pc'
datadir='${datarootdir}'
datarootdir='${prefix}/share'
docdir='${datarootdir}/doc/${PACKAGE_TARNAME}'
dvidir='${docdir}'
exec_prefix='${prefix}'
host='x86_64-pc-linux-gnu'
host_alias=''
host_cpu='x86_64'
host_os='linux-gnu'
host_vendor='pc'
htmldir='${docdir}'
includedir='${prefix}/include'
infodir='${datarootdir}/info'
install_sh='${SHELL} /sources/xfce/xfce4-notifyd-0.6.2/install-sh'
intltool__v_merge_options_0='-q'
intltool__v_merge_options_='$(intltool__v_merge_options_$(AM_DEFAULT_VERBOSITY))'
libdir='${exec_prefix}/lib'
libexecdir='${exec_prefix}/libexec'
localedir='${prefix}/share/locale'
localstatedir='${prefix}/var'
mandir='${datarootdir}/man'
mkdir_p='$(MKDIR_P)'
oldincludedir='/usr/include'
pdfdir='${docdir}'
prefix='/usr'
program_transform_name='s,x,x,'
psdir='${docdir}'
runstatedir='${localstatedir}/run'
sbindir='${exec_prefix}/sbin'
sharedstatedir='${prefix}/com'
sysconfdir='/etc'
target_alias=''

## ----------- ##
## confdefs.h. ##
## ----------- ##

/* confdefs.h */
#define PACKAGE_NAME "xfce4-notifyd"
#define PACKAGE_TARNAME "xfce4-notifyd"
#define PACKAGE_VERSION "0.6.2"
#define PACKAGE_STRING "xfce4-notifyd 0.6.2"
#define PACKAGE_BUGREPORT "https://bugzilla.xfce.org/enter_bug.cgi?product=Xfce4-notifyd"
#define PACKAGE_URL ""
#define PACKAGE "xfce4-notifyd"
#define VERSION "0.6.2"
#define STDC_HEADERS 1
#define HAVE_SYS_TYPES_H 1
#define HAVE_SYS_STAT_H 1
#define HAVE_STDLIB_H 1
#define HAVE_STRING_H 1
#define HAVE_MEMORY_H 1
#define HAVE_STRINGS_H 1
#define HAVE_INTTYPES_H 1
#define HAVE_STDINT_H 1
#define HAVE_UNISTD_H 1
#define __EXTENSIONS__ 1
#define _ALL_SOURCE 1
#define _GNU_SOURCE 1
#define _POSIX_PTHREAD_SEMANTICS 1
#define _TANDEM_SOURCE 1
#define HAVE_DLFCN_H 1
#define LT_OBJDIR ".libs/"
#define STDC_HEADERS 1
#define HAVE_ERRNO_H 1
#define HAVE_FCNTL_H 1
#define HAVE_GRP_H 1
#define HAVE_SIGNAL_H 1
#define HAVE_STDLIB_H 1
#define HAVE_STRING_H 1
#define HAVE_SYS_STAT_H 1
#define HAVE_SYS_TIME_H 1
#define HAVE_SYS_TYPES_H 1
#define HAVE_SYS_WAIT_H 1
#define HAVE_UNISTD_H 1
#define GETTEXT_PACKAGE "xfce4-notifyd"
#define HAVE_LOCALE_H 1
#define HAVE_LC_MESSAGES 1
#define HAVE_BIND_TEXTDOMAIN_CODESET 1
#define HAVE_GETTEXT 1
#define HAVE_DCGETTEXT 1
#define ENABLE_NLS 1
#define HAVE_LIBX11 1
#define NOTIFICATIONS_SPEC_VERSION "1.2"

configure: exit 0
